app/build/intermediates/manifest_merge_blame_file/debug/manifest-merger-blame-debug-report.txt
1<?xml version="1.0" encoding="utf-8"?>
2<manifest xmlns:android="http://schemas.android.com/apk/res/android"
3    package="com.colorata.st"
4    android:versionCode="2"
5    android:versionName="Sunray Compose" >
6
7    <uses-sdk
8        android:minSdkVersion="30"
8-->src/main/AndroidManifest.xml
9        android:targetSdkVersion="30" />
9-->src/main/AndroidManifest.xml
10
11    <uses-permission android:name="android.permission.ACCESS_NOTIFICATION_POLICY" />
11-->src/main/AndroidManifest.xml:6:5-84
11-->src/main/AndroidManifest.xml:6:22-82
12    <uses-permission android:name="android.permission.BLUETOOTH_ADMIN" />
12-->src/main/AndroidManifest.xml:7:5-74
12-->src/main/AndroidManifest.xml:7:22-71
13    <uses-permission android:name="android.permission.WRITE_SETTINGS" />
13-->src/main/AndroidManifest.xml:8:5-9:47
13-->src/main/AndroidManifest.xml:8:22-70
14    <uses-permission android:name="android.permission.ACCESS_FINE_LOCATION" />
14-->src/main/AndroidManifest.xml:10:5-78
14-->src/main/AndroidManifest.xml:10:22-76
15    <uses-permission
15-->src/main/AndroidManifest.xml:11:5-93
16        android:name="android.permission.BLUETOOTH"
16-->src/main/AndroidManifest.xml:11:22-65
17        android:required="false" />
17-->src/main/AndroidManifest.xml:11:66-90
18    <uses-permission android:name="android.permission.ACCESS_WIFI_STATE" />
18-->src/main/AndroidManifest.xml:12:5-75
18-->src/main/AndroidManifest.xml:12:22-73
19    <uses-permission android:name="android.permission.INTERNET" />
19-->src/main/AndroidManifest.xml:13:5-67
19-->src/main/AndroidManifest.xml:13:22-64
20    <uses-permission android:name="android.permission.QUERY_ALL_PACKAGES" />
20-->src/main/AndroidManifest.xml:14:5-16:53
20-->src/main/AndroidManifest.xml:15:9-61
21    <uses-permission android:name="android.permission.VIBRATE" />
21-->src/main/AndroidManifest.xml:17:5-66
21-->src/main/AndroidManifest.xml:17:22-63
22
23    <uses-feature android:name="android.hardware.camera.flash" />
23-->src/main/AndroidManifest.xml:19:5-66
23-->src/main/AndroidManifest.xml:19:19-63
24
25    <uses-permission android:name="android.permission.EXPAND_STATUS_BAR" />
25-->src/main/AndroidManifest.xml:21:5-76
25-->src/main/AndroidManifest.xml:21:22-73
26
27    <application
27-->src/main/AndroidManifest.xml:23:5-80:19
28        android:allowBackup="false"
28-->src/main/AndroidManifest.xml:24:9-36
29        android:appComponentFactory="androidx.core.app.CoreComponentFactory"
29-->[androidx.core:core:1.5.0] AndroidManifest.xml:24:18-86
30        android:debuggable="true"
31        android:extractNativeLibs="false"
32        android:icon="@mipmap/ic_launcher"
32-->src/main/AndroidManifest.xml:25:9-43
33        android:label="STasks"
33-->src/main/AndroidManifest.xml:26:9-31
34        android:roundIcon="@mipmap/ic_launcher_round"
34-->src/main/AndroidManifest.xml:27:9-54
35        android:supportsRtl="true"
35-->src/main/AndroidManifest.xml:28:9-35
36        android:testOnly="true"
37        android:theme="@style/Theme.AppCompat.DayNight.NoActionBar" >
37-->src/main/AndroidManifest.xml:29:9-68
38        <activity
38-->src/main/AndroidManifest.xml:30:9-32:39
39            android:name="com.colorata.st.activities.SecondaryActivity"
39-->src/main/AndroidManifest.xml:31:13-57
40            android:exported="true" />
40-->src/main/AndroidManifest.xml:32:13-36
41        <activity
41-->src/main/AndroidManifest.xml:33:9-43:20
42            android:name="com.colorata.st.activities.MainActivity"
42-->src/main/AndroidManifest.xml:34:13-52
43            android:exported="true"
43-->src/main/AndroidManifest.xml:35:13-36
44            android:label="ShortTasks"
44-->src/main/AndroidManifest.xml:36:13-39
45            android:theme="@style/Theme.AppCompat.DayNight.NoActionBar" >
45-->src/main/AndroidManifest.xml:37:13-72
46            <intent-filter>
46-->src/main/AndroidManifest.xml:38:13-42:29
47                <action android:name="android.intent.action.MAIN" />
47-->src/main/AndroidManifest.xml:39:17-69
47-->src/main/AndroidManifest.xml:39:25-66
48
49                <category android:name="android.intent.category.LAUNCHER" />
49-->src/main/AndroidManifest.xml:41:17-77
49-->src/main/AndroidManifest.xml:41:27-74
50            </intent-filter>
51        </activity>
52
53        <service
53-->src/main/AndroidManifest.xml:45:9-53:19
54            android:name="com.colorata.st.PowerAssistant"
54-->src/main/AndroidManifest.xml:46:13-43
55            android:exported="true"
55-->src/main/AndroidManifest.xml:47:13-36
56            android:label="ShortTasks"
56-->src/main/AndroidManifest.xml:48:13-39
57            android:permission="android.permission.BIND_CONTROLS" >
57-->src/main/AndroidManifest.xml:49:13-66
58            <intent-filter>
58-->src/main/AndroidManifest.xml:50:13-52:29
59                <action android:name="android.service.controls.ControlsProviderService" />
59-->src/main/AndroidManifest.xml:51:17-91
59-->src/main/AndroidManifest.xml:51:25-88
60            </intent-filter>
61        </service>
62        <service
62-->src/main/AndroidManifest.xml:55:9-63:19
63            android:name="com.colorata.st.PowerControls"
63-->src/main/AndroidManifest.xml:56:13-42
64            android:exported="true"
64-->src/main/AndroidManifest.xml:57:13-36
65            android:label="PowerOfShorts"
65-->src/main/AndroidManifest.xml:58:13-42
66            android:permission="android.permission.BIND_CONTROLS" >
66-->src/main/AndroidManifest.xml:59:13-66
67            <intent-filter>
67-->src/main/AndroidManifest.xml:50:13-52:29
68                <action android:name="android.service.controls.ControlsProviderService" />
68-->src/main/AndroidManifest.xml:51:17-91
68-->src/main/AndroidManifest.xml:51:25-88
69            </intent-filter>
70        </service>
71        <service
71-->src/main/AndroidManifest.xml:66:9-78:19
72            android:name="com.colorata.st.AccessibilityService"
72-->src/main/AndroidManifest.xml:67:13-49
73            android:enabled="true"
73-->src/main/AndroidManifest.xml:68:13-35
74            android:exported="true"
74-->src/main/AndroidManifest.xml:69:13-36
75            android:permission="android.permission.BIND_ACCESSIBILITY_SERVICE" >
75-->src/main/AndroidManifest.xml:70:13-79
76            <intent-filter>
76-->src/main/AndroidManifest.xml:71:13-73:29
77                <action android:name="android.accessibilityservice.AccessibilityService" />
77-->src/main/AndroidManifest.xml:72:17-92
77-->src/main/AndroidManifest.xml:72:25-89
78            </intent-filter>
79
80            <meta-data
80-->src/main/AndroidManifest.xml:75:13-77:57
81                android:name="android.accessibilityservice"
81-->src/main/AndroidManifest.xml:76:17-60
82                android:resource="@xml/accessibility" />
82-->src/main/AndroidManifest.xml:77:17-54
83        </service>
84
85        <activity
85-->[androidx.compose.ui:ui-tooling:1.0.0-beta07] AndroidManifest.xml:25:9-27:39
86            android:name="androidx.compose.ui.tooling.preview.PreviewActivity"
86-->[androidx.compose.ui:ui-tooling:1.0.0-beta07] AndroidManifest.xml:26:13-79
87            android:exported="true" />
87-->[androidx.compose.ui:ui-tooling:1.0.0-beta07] AndroidManifest.xml:27:13-36
88
89        <service
89-->[androidx.room:room-runtime:2.3.0] AndroidManifest.xml:25:9-28:40
90            android:name="androidx.room.MultiInstanceInvalidationService"
90-->[androidx.room:room-runtime:2.3.0] AndroidManifest.xml:26:13-74
91            android:directBootAware="true"
91-->[androidx.room:room-runtime:2.3.0] AndroidManifest.xml:27:13-43
92            android:exported="false" />
92-->[androidx.room:room-runtime:2.3.0] AndroidManifest.xml:28:13-37
93    </application>
94
95</manifest>